{"numFailedTestSuites":0,"numFailedTests":0,"numPassedTestSuites":1,"numPassedTests":15,"numPendingTestSuites":0,"numPendingTests":0,"numRuntimeErrorTestSuites":0,"numTodoTests":0,"numTotalTestSuites":1,"numTotalTests":15,"openHandles":[],"snapshot":{"added":0,"didUpdate":false,"failure":false,"filesAdded":0,"filesRemoved":0,"filesRemovedList":[],"filesUnmatched":0,"filesUpdated":0,"matched":0,"total":0,"unchecked":0,"uncheckedKeysByFile":[],"unmatched":0,"updated":0},"startTime":1778868950653,"success":true,"testResults":[{"assertionResults":[{"ancestorTitles":["SimpleMixFeatures — lazy AudioContext creation"],"duration":290,"failing":false,"failureDetails":[],"failureMessages":[],"fullName":"SimpleMixFeatures — lazy AudioContext creation AudioContext NOT created when all features are disabled (default)","invocations":1,"location":null,"numPassingAsserts":1,"retryReasons":[],"startAt":1778868994889,"status":"passed","title":"AudioContext NOT created when all features are disabled (default)"},{"ancestorTitles":["SimpleMixFeatures — lazy AudioContext creation"],"duration":8,"failing":false,"failureDetails":[],"failureMessages":[],"fullName":"SimpleMixFeatures — lazy AudioContext creation createMediaElementSource NOT called when all features are disabled","invocations":1,"location":null,"numPassingAsserts":1,"retryReasons":[],"startAt":1778868995184,"status":"passed","title":"createMediaElementSource NOT called when all features are disabled"},{"ancestorTitles":["SimpleMixFeatures — lazy AudioContext creation"],"duration":23,"failing":false,"failureDetails":[],"failureMessages":[],"fullName":"SimpleMixFeatures — lazy AudioContext creation AudioContext IS created when echo is enabled","invocations":1,"location":null,"numPassingAsserts":2,"retryReasons":[],"startAt":1778868995193,"status":"passed","title":"AudioContext IS created when echo is enabled"},{"ancestorTitles":["SimpleMixFeatures — lazy AudioContext creation"],"duration":56,"failing":false,"failureDetails":[],"failureMessages":[],"fullName":"SimpleMixFeatures — lazy AudioContext creation echo creates an auxiliary vocal stem source for the wet path when available","invocations":1,"location":null,"numPassingAsserts":1,"retryReasons":[],"startAt":1778868995216,"status":"passed","title":"echo creates an auxiliary vocal stem source for the wet path when available"},{"ancestorTitles":["SimpleMixFeatures — lazy AudioContext creation"],"duration":9,"failing":false,"failureDetails":[],"failureMessages":[],"fullName":"SimpleMixFeatures — lazy AudioContext creation AudioContext IS created when autoBpm is enabled","invocations":1,"location":null,"numPassingAsserts":1,"retryReasons":[],"startAt":1778868995272,"status":"passed","title":"AudioContext IS created when autoBpm is enabled"},{"ancestorTitles":["SimpleMixFeatures — lazy AudioContext creation"],"duration":9,"failing":false,"failureDetails":[],"failureMessages":[],"fullName":"SimpleMixFeatures — lazy AudioContext creation AudioContext IS created when distortion is enabled","invocations":1,"location":null,"numPassingAsserts":1,"retryReasons":[],"startAt":1778868995281,"status":"passed","title":"AudioContext IS created when distortion is enabled"},{"ancestorTitles":["SimpleMixFeatures — lazy AudioContext creation"],"duration":8,"failing":false,"failureDetails":[],"failureMessages":[],"fullName":"SimpleMixFeatures — lazy AudioContext creation AudioContext IS created when deck vocal removal is enabled","invocations":1,"location":null,"numPassingAsserts":2,"retryReasons":[],"startAt":1778868995291,"status":"passed","title":"AudioContext IS created when deck vocal removal is enabled"},{"ancestorTitles":["SimpleMixFeatures — lazy AudioContext creation"],"duration":11,"failing":false,"failureDetails":[],"failureMessages":[],"fullName":"SimpleMixFeatures — lazy AudioContext creation AudioContext created only once when features toggled on then off","invocations":1,"location":null,"numPassingAsserts":1,"retryReasons":[],"startAt":1778868995300,"status":"passed","title":"AudioContext created only once when features toggled on then off"},{"ancestorTitles":["SimpleMixFeatures — lazy AudioContext creation"],"duration":2,"failing":false,"failureDetails":[],"failureMessages":[],"fullName":"SimpleMixFeatures — lazy AudioContext creation setEnabled with all-false on fresh instance is safe and does not throw","invocations":1,"location":null,"numPassingAsserts":1,"retryReasons":[],"startAt":1778868995311,"status":"passed","title":"setEnabled with all-false on fresh instance is safe and does not throw"},{"ancestorTitles":["SimpleMixFeatures — tick() without AudioContext"],"duration":1,"failing":false,"failureDetails":[],"failureMessages":[],"fullName":"SimpleMixFeatures — tick() without AudioContext tick() does not throw when no features enabled and both decks paused","invocations":1,"location":null,"numPassingAsserts":2,"retryReasons":[],"startAt":1778868995314,"status":"passed","title":"tick() does not throw when no features enabled and both decks paused"},{"ancestorTitles":["SimpleMixFeatures — tick() without AudioContext"],"duration":9,"failing":false,"failureDetails":[],"failureMessages":[],"fullName":"SimpleMixFeatures — tick() without AudioContext tick() adjusts playbackRate when autoBpm enabled and both decks playing","invocations":1,"location":null,"numPassingAsserts":1,"retryReasons":[],"startAt":1778868995316,"status":"passed","title":"tick() adjusts playbackRate when autoBpm enabled and both decks playing"},{"ancestorTitles":["SimpleMixFeatures — destroy()"],"duration":11,"failing":false,"failureDetails":[],"failureMessages":[],"fullName":"SimpleMixFeatures — destroy() destroy() is safe when AudioContext was never created","invocations":1,"location":null,"numPassingAsserts":3,"retryReasons":[],"startAt":1778868995325,"status":"passed","title":"destroy() is safe when AudioContext was never created"},{"ancestorTitles":["computeAdaptiveMidSideGains()"],"duration":1,"failing":false,"failureDetails":[],"failureMessages":[],"fullName":"computeAdaptiveMidSideGains() attenuates mid harder for vocal removal on mid-heavy tracks","invocations":1,"location":null,"numPassingAsserts":3,"retryReasons":[],"startAt":1778868995336,"status":"passed","title":"attenuates mid harder for vocal removal on mid-heavy tracks"},{"ancestorTitles":["computeAdaptiveMidSideGains()"],"duration":1,"failing":false,"failureDetails":[],"failureMessages":[],"fullName":"computeAdaptiveMidSideGains() attenuates side harder for instrumental removal on wide tracks","invocations":1,"location":null,"numPassingAsserts":3,"retryReasons":[],"startAt":1778868995337,"status":"passed","title":"attenuates side harder for instrumental removal on wide tracks"},{"ancestorTitles":["computeAdaptiveMidSideGains()"],"duration":0,"failing":false,"failureDetails":[],"failureMessages":[],"fullName":"computeAdaptiveMidSideGains() keeps more of the target band when the song is poorly separated","invocations":1,"location":null,"numPassingAsserts":2,"retryReasons":[],"startAt":1778868995338,"status":"passed","title":"keeps more of the target band when the song is poorly separated"}],"endTime":1778868995342,"message":"","name":"/mnt/c/Users/Niafrond/dev/niafrond.github.io/dj-mix/tests/unit/mixFeatures.test.js","startTime":1778868990795,"status":"passed","summary":""}],"wasInterrupted":false}
